<?xml version="1.0" encoding="UTF-8"?>
<!-- Generated by org.testng.reporters.JUnitReportReporter -->
<testsuite skipped="0" hostname="DESKTOP-GSEU8SP" name="Test1.OrgTest" tests="2" failures="0" timestamp="15 Oct 2024 10:34:52 GMT" time="0.016" errors="0">
  <testcase name="modifyOrgTest" time="0.002" classname="Test1.OrgTest"/>
  <testcase name="createOrgTest" time="0.014" classname="Test1.OrgTest"/>
</testsuite> <!-- Test1.OrgTest -->
