<?xml version="1.0" encoding="UTF-8"?>
<!-- Generated by org.testng.reporters.JUnitReportReporter -->
<testsuite skipped="0" hostname="DESKTOP-GSEU8SP" name="Test2.ContactCreationTest" tests="2" failures="0" timestamp="15 Oct 2024 10:35:14 GMT" time="0.019" errors="0">
  <testcase name="modifyContactTest" time="0.002" classname="Test2.ContactCreationTest"/>
  <testcase name="createContactTest" time="0.017" classname="Test2.ContactCreationTest"/>
</testsuite> <!-- Test2.ContactCreationTest -->
