<?xml version="1.0" encoding="UTF-8"?>
<!-- Generated by org.testng.reporters.JUnitReportReporter -->
<testsuite hostname="DESKTOP-GSEU8SP" failures="0" tests="2" name="Test1.OrgTest" time="0.022" errors="0" timestamp="16 Oct 2024 05:20:00 GMT" skipped="0">
  <testcase classname="Test1.OrgTest" name="createOrgTest" time="0.003"/>
  <testcase classname="Test1.OrgTest" name="OrgTest" time="0.019"/>
</testsuite> <!-- Test1.OrgTest -->
